
	    Older     		    1122	C:\PZ-verify\service\app\authority_manifest_pinned.json
	    Older     		       0	C:\PZ-verify\service\app\__init__.py
	    Older     		   45583	C:\PZ-verify\service\app\agents\cowork_coordinator.py
	    Older     		    2490	C:\PZ-verify\service\app\agents\decision_engine.py
	    Older     		    7593	C:\PZ-verify\service\app\agents\proposal_engine.py
	    Older     		       0	C:\PZ-verify\service\app\agents\__init__.py
	    Older     		   70371	C:\PZ-verify\service\app\api\routes_action_proposals.py
	    Older     		    3910	C:\PZ-verify\service\app\api\routes_admin_backup.py
	    Older     		   20288	C:\PZ-verify\service\app\api\routes_admin_dhl_clearance.py
	    Older     		   49822	C:\PZ-verify\service\app\api\routes_admin_runtime_flags.py
	    Older     		   12333	C:\PZ-verify\service\app\api\routes_agency.py
	    Older     		    1119	C:\PZ-verify\service\app\api\routes_agents.py
	    Older     		    6403	C:\PZ-verify\service\app\api\routes_ai_advisory.py
	    Older     		   26769	C:\PZ-verify\service\app\api\routes_ai_bridge.py
	    Older     		   10545	C:\PZ-verify\service\app\api\routes_analytics.py
	    Older     		   15557	C:\PZ-verify\service\app\api\routes_auth.py
	    Older     		   39034	C:\PZ-verify\service\app\api\routes_batch.py
	    Older     		    1419	C:\PZ-verify\service\app\api\routes_batch_readiness.py
	    Older     		   23907	C:\PZ-verify\service\app\api\routes_bot.py
	    Older     		    6484	C:\PZ-verify\service\app\api\routes_box_types.py
	    Older     		    2298	C:\PZ-verify\service\app\api\routes_carrier_shadow.py
	    Older     		    4925	C:\PZ-verify\service\app\api\routes_carrier_webhook.py
	    Older     		   12067	C:\PZ-verify\service\app\api\routes_client_addresses.py
	    Older     		   14078	C:\PZ-verify\service\app\api\routes_client_carrier_accounts.py
	    Older     		    7260	C:\PZ-verify\service\app\api\routes_correction_registry.py
	    Older     		   47890	C:\PZ-verify\service\app\api\routes_customer_master.py
	    Older     		  194084	C:\PZ-verify\service\app\api\routes_dashboard.py
	    Older     		   23831	C:\PZ-verify\service\app\api\routes_debug.py
	    Older     		    1478	C:\PZ-verify\service\app\api\routes_deploy_status.py
	    Older     		  197341	C:\PZ-verify\service\app\api\routes_dhl_clearance.py
	    Older     		    9669	C:\PZ-verify\service\app\api\routes_dhl_documents.py
	    Older     		   12078	C:\PZ-verify\service\app\api\routes_dhl_followup.py
	    Older     		    2572	C:\PZ-verify\service\app\api\routes_dhl_followup_status.py
	    Older     		    1503	C:\PZ-verify\service\app\api\routes_dhl_readiness.py
	    Older     		   19212	C:\PZ-verify\service\app\api\routes_dsk.py
	    Older     		    2733	C:\PZ-verify\service\app\api\routes_execute.py
	    Older     		    7292	C:\PZ-verify\service\app\api\routes_finance_postings.py
	    Older     		   30293	C:\PZ-verify\service\app\api\routes_inbox.py
	    Older     		  115350	C:\PZ-verify\service\app\api\routes_intake.py
	    Older     		   30809	C:\PZ-verify\service\app\api\routes_intelligence.py
	    Older     		    8790	C:\PZ-verify\service\app\api\routes_intelligence_graph.py
	    Older     		    2941	C:\PZ-verify\service\app\api\routes_inventory.py
	    Older     		    6767	C:\PZ-verify\service\app\api\routes_inventory_returns.py
	    Older     		    4811	C:\PZ-verify\service\app\api\routes_inventory_sample.py
	    Older     		    2893	C:\PZ-verify\service\app\api\routes_inventory_writes.py
	    Older     		    6939	C:\PZ-verify\service\app\api\routes_learning.py
	    Older     		   17643	C:\PZ-verify\service\app\api\routes_ledgers.py
	    Older     		   23569	C:\PZ-verify\service\app\api\routes_lifecycle.py
	    Older     		   54992	C:\PZ-verify\service\app\api\routes_master_data.py
	    Older     		   20093	C:\PZ-verify\service\app\api\routes_master_jewelry.py
	    Older     		    3578	C:\PZ-verify\service\app\api\routes_mdi.py
	    Older     		    1178	C:\PZ-verify\service\app\api\routes_monitor.py
	    Older     		    3979	C:\PZ-verify\service\app\api\routes_operations_intelligence.py
	    Older     		    7488	C:\PZ-verify\service\app\api\routes_orchestrator.py
	    Older     		   11035	C:\PZ-verify\service\app\api\routes_packing_resolution.py
	    Older     		  414818	C:\PZ-verify\service\app\api\routes_proforma.py
	    Older     		   21090	C:\PZ-verify\service\app\api\routes_proforma_adopt.py
	    Older     		    7354	C:\PZ-verify\service\app\api\routes_proposals.py
	    Older     		    7387	C:\PZ-verify\service\app\api\routes_reservations.py
	    Older     		    1356	C:\PZ-verify\service\app\api\routes_sales.py
	    Older     		    3291	C:\PZ-verify\service\app\api\routes_search.py
	    Older     		    2081	C:\PZ-verify\service\app\api\routes_settings.py
	    Older     		   22665	C:\PZ-verify\service\app\api\routes_suppliers.py
	    Older     		    1964	C:\PZ-verify\service\app\api\routes_system.py
	    Older     		   17601	C:\PZ-verify\service\app\api\routes_tracking.py
	    Older     		    2570	C:\PZ-verify\service\app\api\routes_tracking_db.py
	    Older     		    2051	C:\PZ-verify\service\app\api\routes_warehouse_audit.py
	    Older     		    4638	C:\PZ-verify\service\app\api\routes_webhooks_wfirma.py
	    Older     		    8770	C:\PZ-verify\service\app\api\routes_webhooks_wfirma_status.py
	    Older     		   85491	C:\PZ-verify\service\app\api\routes_wfirma_capabilities.py
	    Older     		    4103	C:\PZ-verify\service\app\api\routes_wfirma_reservation.py
	    Older     		    4919	C:\PZ-verify\service\app\api\routes_workflow_intelligence.py
	    Older     		   12657	C:\PZ-verify\service\app\api\sales_packing_parser.py
	    Older     		       0	C:\PZ-verify\service\app\api\__init__.py
	    Older     		    3345	C:\PZ-verify\service\app\auth\database.py
	    Older     		    3022	C:\PZ-verify\service\app\auth\dependencies.py
	    Older     		    9051	C:\PZ-verify\service\app\auth\service.py
	    Older     		       0	C:\PZ-verify\service\app\auth\__init__.py
	    Older     		    4590	C:\PZ-verify\service\app\config\email_routing.py
	    Older     		       0	C:\PZ-verify\service\app\config\__init__.py
	    Older     		   14853	C:\PZ-verify\service\app\core\audit.py
	    Older     		   13280	C:\PZ-verify\service\app\core\circuit_breaker.py
	    Older     		   37597	C:\PZ-verify\service\app\core\config.py
	    Older     		    3014	C:\PZ-verify\service\app\core\fallbacks.py
	    Older     		    7098	C:\PZ-verify\service\app\core\guards.py
	    Older     		     465	C:\PZ-verify\service\app\core\logging.py
	    Older     		    6092	C:\PZ-verify\service\app\core\role_gate.py
	    Older     		    4549	C:\PZ-verify\service\app\core\security.py
	    Older     		   10982	C:\PZ-verify\service\app\core\timeline.py
	    Older     		    1277	C:\PZ-verify\service\app\core\timezone_utils.py
	    Older     		       0	C:\PZ-verify\service\app\core\__init__.py
	    Older     		    4771	C:\PZ-verify\service\app\db\migrations\draft_20260512_002516_idempotency_key.py.draft
	    Older     		    6417	C:\PZ-verify\service\app\db\migrations\draft_20260512_122327_sample_out_events.py.draft
	    Older     		    6537	C:\PZ-verify\service\app\db\migrations\draft_20260512_175238_returns_events.py.draft
	    Older     		   12222	C:\PZ-verify\service\app\models\proforma_resolver.py
	    Older     		    3850	C:\PZ-verify\service\app\models\pz_batch_schema.py
	    Older     		    5661	C:\PZ-verify\service\app\models\vat_resolver.py
	    Older     		       0	C:\PZ-verify\service\app\models\__init__.py
	    Older     		     821	C:\PZ-verify\service\app\pipelines\customs.py
	    Older     		    1440	C:\PZ-verify\service\app\pipelines\dhl.py
	    Older     		    4186	C:\PZ-verify\service\app\pipelines\pz.py
	    Older     		    1698	C:\PZ-verify\service\app\pipelines\shipment.py
	    Older     		       0	C:\PZ-verify\service\app\pipelines\__init__.py
	    Older     		     922	C:\PZ-verify\service\app\schemas\request.py
	    Older     		       0	C:\PZ-verify\service\app\schemas\__init__.py
	    Older     		   11386	C:\PZ-verify\service\app\services\action_email_builder.py
	    Older     		    7570	C:\PZ-verify\service\app\services\agency_email_builder.py
	    Older     		    6774	C:\PZ-verify\service\app\services\agency_forward_after_dhl_builder.py
	    Older     		    3894	C:\PZ-verify\service\app\services\agency_sad_decision.py
	    Older     		    7066	C:\PZ-verify\service\app\services\agency_sad_monitor.py
	    Older     		    6035	C:\PZ-verify\service\app\services\agency_sad_parser.py
	    Older     		    4060	C:\PZ-verify\service\app\services\agency_sla_engine.py
	    Older     		   18808	C:\PZ-verify\service\app\services\ai_advisory.py
	    Older     		   25162	C:\PZ-verify\service\app\services\ai_bridge.py
	    Older     		    9560	C:\PZ-verify\service\app\services\ai_call_ledger.py
	    Older     		   22394	C:\PZ-verify\service\app\services\ai_customs_evidence.py
	    Older     		    6546	C:\PZ-verify\service\app\services\ai_customs_parser.py
	    Older     		    9824	C:\PZ-verify\service\app\services\ai_dhl_followup_drafter.py
	    Older     		   52083	C:\PZ-verify\service\app\services\ai_gateway.py
	    Older     		    2081	C:\PZ-verify\service\app\services\ai_redactor.py
	    Older     		   22559	C:\PZ-verify\service\app\services\ai_reverification.py
	    Older     		   14376	C:\PZ-verify\service\app\services\attachment_pattern_engine.py
	    Older     		    9664	C:\PZ-verify\service\app\services\audit_merge.py
	    Older     		    7472	C:\PZ-verify\service\app\services\authority_drift_service.py
	    Older     		    3664	C:\PZ-verify\service\app\services\authority_startup.py
	    Older     		    6673	C:\PZ-verify\service\app\services\awb_address_authority.py
	    Older     		   14375	C:\PZ-verify\service\app\services\awb_parser.py
	    Older     		   10107	C:\PZ-verify\service\app\services\backup_service.py
	    Older     		    8022	C:\PZ-verify\service\app\services\backup_validator.py
	    Older     		   28727	C:\PZ-verify\service\app\services\batch_manager.py
	    Older     		   13341	C:\PZ-verify\service\app\services\batch_readiness.py
	    Older     		    3025	C:\PZ-verify\service\app\services\batch_service.py
	    Older     		    4351	C:\PZ-verify\service\app\services\cache_freshness.py
	    Older     		    9714	C:\PZ-verify\service\app\services\cif_authority.py
	    Older     		   11891	C:\PZ-verify\service\app\services\cif_resolver.py
	    Older     		   23220	C:\PZ-verify\service\app\services\clearance_decision.py
	    Older     		    4171	C:\PZ-verify\service\app\services\clearance_path_alias.py
	    Older     		   11648	C:\PZ-verify\service\app\services\client_addresses_db.py
	    Older     		   11983	C:\PZ-verify\service\app\services\client_carrier_accounts_db.py
	    Older     		   13328	C:\PZ-verify\service\app\services\cliq_bot_service.py
	    Older     		   21569	C:\PZ-verify\service\app\services\cliq_service.py
	    Older     		    8645	C:\PZ-verify\service\app\services\cn_hsn_classifier.py
	    Older     		    8625	C:\PZ-verify\service\app\services\compliance_resolver.py
	    Older     		    2403	C:\PZ-verify\service\app\services\conversion_persistence.py
	    Older     		   18058	C:\PZ-verify\service\app\services\correction_registry.py
	    Older     		   31717	C:\PZ-verify\service\app\services\cowork_result_processor.py
	    Older     		   19046	C:\PZ-verify\service\app\services\customer_commercial_profile.py
	    Older     		   21135	C:\PZ-verify\service\app\services\customer_invoice_snapshot_db.py
	    Older     		   21643	C:\PZ-verify\service\app\services\customer_master.py
	    Older     		   57739	C:\PZ-verify\service\app\services\customer_master_db.py
	    Older     		   14396	C:\PZ-verify\service\app\services\customs_desc_checker.py
	    Older     		    3388	C:\PZ-verify\service\app\services\customs_doc_classifier.py
	    Older     		   21273	C:\PZ-verify\service\app\services\customs_parser_orchestrator.py
	    Older     		   16055	C:\PZ-verify\service\app\services\customs_position_aggregator.py
	    Older     		    6112	C:\PZ-verify\service\app\services\customs_validator.py
	    Older     		   15504	C:\PZ-verify\service\app\services\customs_xml_parser.py
	    Older     		   21133	C:\PZ-verify\service\app\services\dashboard_action_registry.py
	    Older     		    4582	C:\PZ-verify\service\app\services\dashboard_action_types.py
	    Older     		    7127	C:\PZ-verify\service\app\services\deploy_status_service.py
	    Older     		   12235	C:\PZ-verify\service\app\services\description_resolver.py
	    Older     		    6875	C:\PZ-verify\service\app\services\dhl_clarification_classifier.py
	    Older     		    7439	C:\PZ-verify\service\app\services\dhl_clarification_validation_harness.py
	    Older     		   28658	C:\PZ-verify\service\app\services\dhl_clearance_coordinator.py
	    Older     		   11991	C:\PZ-verify\service\app\services\dhl_clearance_manifest.py
	    Older     		   11345	C:\PZ-verify\service\app\services\dhl_clearance_state_engine.py
	    Older     		    8896	C:\PZ-verify\service\app\services\dhl_delivery_bridge.py
	    Older     		   13886	C:\PZ-verify\service\app\services\dhl_document_classifier.py
	    Older     		    4621	C:\PZ-verify\service\app\services\dhl_document_validator.py
	    Older     		    6164	C:\PZ-verify\service\app\services\dhl_followup_authority.py
	    Older     		    5300	C:\PZ-verify\service\app\services\dhl_followup_email_builder.py
	    Older     		   13724	C:\PZ-verify\service\app\services\dhl_followup_guard.py
	    Older     		    5356	C:\PZ-verify\service\app\services\dhl_followup_mode.py
	    Older     		   23011	C:\PZ-verify\service\app\services\dhl_followup_status_projector.py
	    Older     		   39747	C:\PZ-verify\service\app\services\dhl_orchestrator.py
	    Older     		    9248	C:\PZ-verify\service\app\services\dhl_proactive_dispatch_builder.py
	    Older     		   18346	C:\PZ-verify\service\app\services\dhl_readiness.py
	    Older     		   11799	C:\PZ-verify\service\app\services\dhl_reply_builder.py
	    Older     		    5695	C:\PZ-verify\service\app\services\dhl_selfclearance_followup_v2.py
	    Older     		    5349	C:\PZ-verify\service\app\services\dhl_self_clearance_builder.py
	    Older     		   11769	C:\PZ-verify\service\app\services\dhl_thread_lock.py
	    Older     		    5794	C:\PZ-verify\service\app\services\dhl_thread_tracker.py
	    Older     		   26634	C:\PZ-verify\service\app\services\dhl_zc429_intake.py
	    Older     		   10411	C:\PZ-verify\service\app\services\document_text_quality.py
	    Older     		    9798	C:\PZ-verify\service\app\services\dual_valuation.py
	    Older     		   26654	C:\PZ-verify\service\app\services\email_classifier.py
	    Older     		   20640	C:\PZ-verify\service\app\services\email_evidence_backfill.py
	    Older     		   32157	C:\PZ-verify\service\app\services\email_evidence_ingestor.py
	    Older     		    7188	C:\PZ-verify\service\app\services\email_evidence_processor.py
	    Older     		   22599	C:\PZ-verify\service\app\services\email_evidence_store.py
	    Older     		   17043	C:\PZ-verify\service\app\services\email_ingestion_worker.py
	    Older     		   11151	C:\PZ-verify\service\app\services\email_intelligence_store.py
	    Older     		    9020	C:\PZ-verify\service\app\services\email_search_context.py
	    Older     		   46228	C:\PZ-verify\service\app\services\email_sender.py
	    Older     		   23991	C:\PZ-verify\service\app\services\email_service.py
	    Older     		   11217	C:\PZ-verify\service\app\services\email_thread_mapper.py
	    Older     		   16791	C:\PZ-verify\service\app\services\event_trigger_engine.py
	    Older     		   15326	C:\PZ-verify\service\app\services\excel_column_mapper.py
	    Older     		    3799	C:\PZ-verify\service\app\services\excel_reader.py
	    Older     		   24039	C:\PZ-verify\service\app\services\execution_engine.py
	    Older     		   47830	C:\PZ-verify\service\app\services\export_service.py
	    Older     		   15639	C:\PZ-verify\service\app\services\finance_dual_write.py
	    Older     		   33674	C:\PZ-verify\service\app\services\finance_postings_db.py
	    Older     		    4193	C:\PZ-verify\service\app\services\freight_authority.py
	    Older     		    7585	C:\PZ-verify\service\app\services\freight_history_db.py
	    Older     		   13193	C:\PZ-verify\service\app\services\freight_resolver.py
	    Older     		    9363	C:\PZ-verify\service\app\services\global_invoice_parser.py
	    Older     		   21838	C:\PZ-verify\service\app\services\global_invoice_position_parser.py
	    Older     		   24998	C:\PZ-verify\service\app\services\global_packing_parser.py
	    Older     		   25426	C:\PZ-verify\service\app\services\global_pz_correction.py
	    Older     		   14763	C:\PZ-verify\service\app\services\global_pz_execution.py
	    Older     		   47834	C:\PZ-verify\service\app\services\global_pz_lineage.py
	    Older     		   26905	C:\PZ-verify\service\app\services\global_pz_push.py
	    Older     		    8240	C:\PZ-verify\service\app\services\governance_constants.py
	    Older     		    8205	C:\PZ-verify\service\app\services\import_pz_builder.py
	    Older     		    6872	C:\PZ-verify\service\app\services\insurance_wording.py
	    Older     		   15894	C:\PZ-verify\service\app\services\intake_lineage.py
	    Older     		   15461	C:\PZ-verify\service\app\services\intelligence_config_builder.py
	    Older     		   31693	C:\PZ-verify\service\app\services\intelligence_engine.py
	    Older     		   33834	C:\PZ-verify\service\app\services\intelligence_graph.py
	    Older     		   28340	C:\PZ-verify\service\app\services\intelligence_parser.py
	    Older     		    6331	C:\PZ-verify\service\app\services\inventory_batch_state.py
	    Older     		    6612	C:\PZ-verify\service\app\services\inventory_location_writer.py
	    Older     		   12367	C:\PZ-verify\service\app\services\inventory_piece_view.py
	    Older     		   13435	C:\PZ-verify\service\app\services\inventory_returns_writer.py
	    Older     		   11388	C:\PZ-verify\service\app\services\inventory_sample_writer.py
	    Older     		    7962	C:\PZ-verify\service\app\services\inventory_stage2_aggregator.py
	    Older     		   31366	C:\PZ-verify\service\app\services\inventory_state_engine.py
	    Older     		   10871	C:\PZ-verify\service\app\services\invoice_intake_parser.py
	    Older     		    9931	C:\PZ-verify\service\app\services\invoice_line_diagnostics.py
	    Older     		   24290	C:\PZ-verify\service\app\services\ledger_aggregator.py
	    Older     		   84469	C:\PZ-verify\service\app\services\master_data_db.py
	    Older     		   62755	C:\PZ-verify\service\app\services\master_data_intelligence.py
	    Older     		    7884	C:\PZ-verify\service\app\services\master_reference_checks.py
	    Older     		   10035	C:\PZ-verify\service\app\services\metals_db.py
	    Older     		    8079	C:\PZ-verify\service\app\services\name_normalization.py
	    Older     		   15970	C:\PZ-verify\service\app\services\operations_intelligence.py
	    Older     		    5895	C:\PZ-verify\service\app\services\output_filenames.py
	    Older     		   16974	C:\PZ-verify\service\app\services\packing_contractor_resolver.py
	    Older     		   10084	C:\PZ-verify\service\app\services\packing_resolution_db.py
	    Older     		    7225	C:\PZ-verify\service\app\services\parser_diagnostic_writer.py
	    Older     		   10994	C:\PZ-verify\service\app\services\payload_disclosure.py
	    Older     		    1505	C:\PZ-verify\service\app\services\payment_date_resolver.py
	    Older     		   22775	C:\PZ-verify\service\app\services\polish_desc_validator.py
	    Older     		    7987	C:\PZ-verify\service\app\services\preamble_signals.py
	    Older     		   20318	C:\PZ-verify\service\app\services\product_identity_engine.py
	    Older     		    8618	C:\PZ-verify\service\app\services\product_master_backfill.py
	    Older     		    8238	C:\PZ-verify\service\app\services\proforma_draft_governance.py
	    Older     		   47239	C:\PZ-verify\service\app\services\proforma_draft_sync.py
	    Older     		   16574	C:\PZ-verify\service\app\services\proforma_intelligence.py
	    Older     		  165139	C:\PZ-verify\service\app\services\proforma_invoice_link_db.py
	    Older     		    2974	C:\PZ-verify\service\app\services\proforma_pz_recovery.py
	    Older     		     944	C:\PZ-verify\service\app\services\proforma_readiness.py
	    Older     		   23542	C:\PZ-verify\service\app\services\proforma_to_invoice.py
	    Older     		    1579	C:\PZ-verify\service\app\services\proposals_reader.py
	    Older     		   14181	C:\PZ-verify\service\app\services\pz_correction_lifecycle.py
	    Older     		    6110	C:\PZ-verify\service\app\services\pz_correction_state.py
	    Older     		   33526	C:\PZ-verify\service\app\services\reservation_db.py
	    Older     		   20351	C:\PZ-verify\service\app\services\reservation_worker.py
	    Older     		   15706	C:\PZ-verify\service\app\services\risk_detector.py
	    Older     		    2920	C:\PZ-verify\service\app\services\route_contract_validator.py
	    Older     		   23969	C:\PZ-verify\service\app\services\rule_based_reverification.py
	    Older     		    5658	C:\PZ-verify\service\app\services\sad_importer.py
	    Older     		    5913	C:\PZ-verify\service\app\services\sad_invoice_authority.py
	    Older     		    7565	C:\PZ-verify\service\app\services\sales_packing_code_detection.py
	    Older     		    6647	C:\PZ-verify\service\app\services\sales_pnd_disambiguator.py
	    Older     		   40220	C:\PZ-verify\service\app\services\search_engine.py
	    Older     		    4655	C:\PZ-verify\service\app\services\service_invoice_monitor.py
	    Older     		    5441	C:\PZ-verify\service\app\services\shipment_closure.py
	    Older     		   12758	C:\PZ-verify\service\app\services\shipment_delivered_guard.py
	    Older     		    4961	C:\PZ-verify\service\app\services\shipment_folder_manager.py
	    Older     		   17899	C:\PZ-verify\service\app\services\sla_engine.py
	    Older     		   30134	C:\PZ-verify\service\app\services\statement_pdf_renderer.py
	    Older     		   10415	C:\PZ-verify\service\app\services\stones_db.py
	    Older     		   41368	C:\PZ-verify\service\app\services\suppliers_db.py
	    Older     		    1669	C:\PZ-verify\service\app\services\supplier_detect.py
	    Older     		   11518	C:\PZ-verify\service\app\services\timeline_mapper.py
	    Older     		   11079	C:\PZ-verify\service\app\services\tracking_db.py
	    Older     		   11273	C:\PZ-verify\service\app\services\tracking_intelligence.py
	    Older     		    4408	C:\PZ-verify\service\app\services\tracking_master_export.py
	    Older     		   26868	C:\PZ-verify\service\app\services\tracking_normalizer.py
	    Older     		   44212	C:\PZ-verify\service\app\services\tracking_service.py
	    Older     		   61756	C:\PZ-verify\service\app\services\vision_extractor.py
	    Older     		    8394	C:\PZ-verify\service\app\services\warehouses_db.py
	    Older     		    9986	C:\PZ-verify\service\app\services\warehouse_audit.py
	    Older     		    4889	C:\PZ-verify\service\app\services\wfirma_capabilities.py
	    Older     		   48826	C:\PZ-verify\service\app\services\wfirma_customer_auto_resolve.py
	    Older     		   13651	C:\PZ-verify\service\app\services\wfirma_customer_sync.py
	    Older     		   35422	C:\PZ-verify\service\app\services\wfirma_db.py
	    Older     		   16491	C:\PZ-verify\service\app\services\wfirma_dictionary_cache.py
	    Older     		   22086	C:\PZ-verify\service\app\services\wfirma_product_auto_register.py
	    Older     		   12610	C:\PZ-verify\service\app\services\wfirma_product_compare.py
	    Older     		    6874	C:\PZ-verify\service\app\services\wfirma_product_registration.py
	    Older     		   12041	C:\PZ-verify\service\app\services\wfirma_pz_notes.py
	    Older     		   13848	C:\PZ-verify\service\app\services\wfirma_recovery.py
	    Older     		   16747	C:\PZ-verify\service\app\services\wfirma_reservation_create.py
	    Older     		    5085	C:\PZ-verify\service\app\services\wfirma_snapshot_processor.py
	    Older     		    2366	C:\PZ-verify\service\app\services\wfirma_webhook_db.py
	    Older     		    9200	C:\PZ-verify\service\app\services\workdrive_retry_service.py
	    Older     		    2268	C:\PZ-verify\service\app\services\workdrive_sync.py
	    Older     		   11874	C:\PZ-verify\service\app\services\workdrive_uploader.py
	    Older     		   15759	C:\PZ-verify\service\app\services\workflow_intelligence.py
	    Older     		    4140	C:\PZ-verify\service\app\services\zc429_email_dispatcher.py
	    Older     		    7848	C:\PZ-verify\service\app\services\zoho_auth.py
	    Older     		       0	C:\PZ-verify\service\app\services\__init__.py
	    Older     		   10733	C:\PZ-verify\service\app\services\carrier\coordinator.py
	    Older     		   42849	C:\PZ-verify\service\app\services\carrier\doc_package.py
	    Older     		       0	C:\PZ-verify\service\app\services\carrier\__init__.py
	    Older     		     483	C:\PZ-verify\service\app\services\carrier\adapters\base.py
	    Newer     		   19663	C:\PZ-verify\service\app\services\carrier\adapters\live.py
	    Older     		    2339	C:\PZ-verify\service\app\services\carrier\adapters\shadow.py
	    Older     		       0	C:\PZ-verify\service\app\services\carrier\adapters\__init__.py
	    Older     		    1569	C:\PZ-verify\service\app\services\carrier\models\plt.py
	    Older     		    2122	C:\PZ-verify\service\app\services\carrier\models\webhook.py
	    Older     		       0	C:\PZ-verify\service\app\services\carrier\models\__init__.py
	    Older     		    2766	C:\PZ-verify\service\app\services\carrier\persistence\event_db.py
	    Older     		    6544	C:\PZ-verify\service\app\services\carrier\persistence\redactor.py
	    Older     		    3762	C:\PZ-verify\service\app\services\carrier\persistence\shadow_log_db.py
	    Older     		    6371	C:\PZ-verify\service\app\services\carrier\persistence\shipment_db.py
	    Older     		       0	C:\PZ-verify\service\app\services\carrier\persistence\__init__.py
	    Older     		    3025	C:\PZ-verify\service\app\services\carrier\plt\eligibility.py
	    Older     		    4578	C:\PZ-verify\service\app\services\carrier\plt\packager.py
	    Older     		    5875	C:\PZ-verify\service\app\services\carrier\plt\storage.py
	    Older     		       0	C:\PZ-verify\service\app\services\carrier\plt\__init__.py
	    Older     		    8659	C:\PZ-verify\service\app\services\carrier\telemetry\invariants.py
	    Older     		       0	C:\PZ-verify\service\app\services\carrier\telemetry\__init__.py
	    Older     		   27206	C:\PZ-verify\service\app\static\admin-users.html
	    Older     		    5813	C:\PZ-verify\service\app\static\ai-advisory-v2.html
	    Older     		  192511	C:\PZ-verify\service\app\static\batch.html
	    Older     		   26667	C:\PZ-verify\service\app\static\components.js
	    Newer     		   79351	C:\PZ-verify\service\app\static\customer-master-v2.html
	    Older     		   14465	C:\PZ-verify\service\app\static\dhl-automation-v2.html
	    Older     		   18045	C:\PZ-verify\service\app\static\forgot-password.html
	    Older     		   16423	C:\PZ-verify\service\app\static\login.html
	    Older     		   16826	C:\PZ-verify\service\app\static\pz-components.js
	    Older     		   37393	C:\PZ-verify\service\app\static\pz-design-v2.js
	    Older     		    6691	C:\PZ-verify\service\app\static\pz-state.js
	    Older     		 1013350	C:\PZ-verify\service\app\static\shipment-detail.html
	    Older     		   17841	C:\PZ-verify\service\app\static\signup.html
	    Older     		   23483	C:\PZ-verify\service\app\static\warehouse.html
	    Older     		   11211	C:\PZ-verify\service\app\static\atlas\api-status-v2.html
	    Older     		   18094	C:\PZ-verify\service\app\static\atlas\atlas-shared.js
	    Older     		   33544	C:\PZ-verify\service\app\static\v2\accounting-hub.jsx
	    Older     		   28165	C:\PZ-verify\service\app\static\v2\api-status-page.jsx
	    Older     		   35671	C:\PZ-verify\service\app\static\v2\carriers-page.jsx
	    Older     		   33364	C:\PZ-verify\service\app\static\v2\client-detail.jsx
	    Older     		   31290	C:\PZ-verify\service\app\static\v2\client-kyc-and-consignment.jsx
	    Older     		   25393	C:\PZ-verify\service\app\static\v2\components.jsx
	    Older     		   26628	C:\PZ-verify\service\app\static\v2\dashboard-kanban.jsx
	    Older     		   14229	C:\PZ-verify\service\app\static\v2\dashboard-page.jsx
	    Older     		   28906	C:\PZ-verify\service\app\static\v2\dashboard-shared.js
	    Older     		   13381	C:\PZ-verify\service\app\static\v2\dhl-daily-summary.jsx
	    Older     		    6437	C:\PZ-verify\service\app\static\v2\dhl-scan-status.jsx
	    Older     		   10432	C:\PZ-verify\service\app\static\v2\documents-hub.jsx
	    Older     		   11943	C:\PZ-verify\service\app\static\v2\global-search.jsx
	    Older     		   35254	C:\PZ-verify\service\app\static\v2\inbox-page.jsx
	    Older     		   45371	C:\PZ-verify\service\app\static\v2\inventory-page.jsx
	    Older     		   47392	C:\PZ-verify\service\app\static\v2\ledgers-page.jsx
	    Newer     		   34980	C:\PZ-verify\service\app\static\v2\master-page.jsx
	    Older     		   20293	C:\PZ-verify\service\app\static\v2\modals.jsx
	    Older     		   66189	C:\PZ-verify\service\app\static\v2\ops-cell.jsx
	    Older     		   98038	C:\PZ-verify\service\app\static\v2\pages-v2.jsx
	    Older     		   68124	C:\PZ-verify\service\app\static\v2\pages.jsx
	    Older     		  236513	C:\PZ-verify\service\app\static\v2\proforma-detail.jsx
	    Older     		   16744	C:\PZ-verify\service\app\static\v2\proforma-search.jsx
	    Newer     		   31150	C:\PZ-verify\service\app\static\v2\pz-api.js
	    Older     		    6122	C:\PZ-verify\service\app\static\v2\pz-state.js
	    Older     		   23408	C:\PZ-verify\service\app\static\v2\shipment-detail-page.v1.jsx
	    Older     		   36020	C:\PZ-verify\service\app\static\v2\shipment-detail-page.v2.jsx
	    Older     		   41088	C:\PZ-verify\service\app\static\v2\shipping-ops.jsx
	    Older     		   31280	C:\PZ-verify\service\app\static\v2\wireframe-update.jsx
	    Older     		     853	C:\PZ-verify\service\app\static\v2\proforma-react\index.html
	  *EXTRA File 		  280016	C:\PZ\app\static\v2\proforma-react\assets\index-159CL44L.js
	  *EXTRA File 		    2652	C:\PZ\app\static\v2\proforma-react\assets\index-B4s_xe_B.css
	  *EXTRA File 		  576342	C:\PZ\app\static\v2\proforma-react\assets\index-BtOUQ513.js
	  *EXTRA File 		  330672	C:\PZ\app\static\v2\proforma-react\assets\index-CpcixrHE.js
	  *EXTRA File 		  279972	C:\PZ\app\static\v2\proforma-react\assets\index-CWCzKKCA.js
	  *EXTRA File 		  280233	C:\PZ\app\static\v2\proforma-react\assets\index-CzL6IjSW.js
	  *EXTRA File 		  283585	C:\PZ\app\static\v2\proforma-react\assets\index-DdedaF4E.js
	  *EXTRA File 		  330666	C:\PZ\app\static\v2\proforma-react\assets\index-DGtR0NbZ.js
	    Older     		  331195	C:\PZ-verify\service\app\static\v2\proforma-react\assets\index-CGYvGRbx.js
	    Older     		    2705	C:\PZ-verify\service\app\static\v2\proforma-react\assets\index-jaQaH3iP.css
	  *EXTRA File 		       0	C:\PZ\app\storage\customer_master.db
	  *EXTRA File 		       0	C:\PZ\app\storage\wfirma_webhook_events.db
	    New File  		    8192	C:\PZ-verify\service\app\storage\contractor_poll.db
	    New File  		   32768	C:\PZ-verify\service\app\storage\payment_state.db
	    New File  		   57344	C:\PZ-verify\service\app\storage\wfirma_processing.db
	  *EXTRA File 		     140	C:\PZ\app\storage\email_evidence\by_thread\op_agency_docsB_FIN_LC.json
	  *EXTRA File 		     132	C:\PZ\app\storage\email_evidence\by_thread\op_agency_docsB_UP.json
	    Older     		   14899	C:\PZ-verify\service\app\tools\apply_snapshot_profiles_to_master.py
	    Older     		   12847	C:\PZ-verify\service\app\tools\backfill_sad_import_state.py
	    Older     		   15560	C:\PZ-verify\service\app\tools\build_pz_batch.py
	    Older     		   17004	C:\PZ-verify\service\app\tools\build_wfirma_pz_csv.py
	    Older     		   14351	C:\PZ-verify\service\app\tools\build_wfirma_pz_payload.py
	    Older     		    8159	C:\PZ-verify\service\app\tools\check_dhl_config.py
	    Older     		   13515	C:\PZ-verify\service\app\tools\check_wfirma_config.py
	    Older     		   16469	C:\PZ-verify\service\app\tools\dashboard_route_audit.py
	    Older     		   24580	C:\PZ-verify\service\app\tools\probe_payments_and_invoice_payment_state.py
	    Older     		    9800	C:\PZ-verify\service\app\tools\probe_proforma_to_invoice_api.py
	    Older     		    5010	C:\PZ-verify\service\app\tools\probe_proforma_to_invoice_api2.py
	    Older     		   10488	C:\PZ-verify\service\app\tools\probe_wfirma_pz_api.py
	    Older     		   16799	C:\PZ-verify\service\app\tools\regenerate_stale_batches.py
	    Older     		   16319	C:\PZ-verify\service\app\tools\seed_customer_master_from_wfirma.py
	    Older     		   20160	C:\PZ-verify\service\app\tools\send_wfirma_good_live_test.py
	    Older     		   43332	C:\PZ-verify\service\app\tools\send_wfirma_proforma_live_test.py
	    Older     		   25984	C:\PZ-verify\service\app\tools\send_wfirma_proforma_to_invoice_live_test.py
	    Older     		   13763	C:\PZ-verify\service\app\tools\send_wfirma_pz_live_test.py
	    Older     		   24158	C:\PZ-verify\service\app\tools\sync_customer_invoice_snapshot.py
	    Older     		    7540	C:\PZ-verify\service\app\tools\test_12line_proforma_internal.py
	    Older     		    4649	C:\PZ-verify\service\app\tools\validate_pz_batch.py
	    Older     		   11274	C:\PZ-verify\service\app\tools\verify_runtime_sync.py
	    Older     		       0	C:\PZ-verify\service\app\tools\__init__.py
	    Older     		    3954	C:\PZ-verify\service\app\utils\batch_lock.py
	    Older     		    3909	C:\PZ-verify\service\app\utils\io.py
	    Older     		    2513	C:\PZ-verify\service\app\utils\proposal_lock.py
	    Older     		   11514	C:\PZ-verify\service\app\utils\storage_health.py
	    Older     		       0	C:\PZ-verify\service\app\utils\__init__.py

------------------------------------------------------------------------------

               Total    Copied   Skipped  Mismatch    FAILED    Extras
    Dirs :      2936         0      2936         0         0         1
   Files :      1449       404      1045         0         0        12
   Bytes :   48.70 m    8.47 m   40.22 m         0         0    2.25 m
   Times :   0:00:01   0:00:00                       0:00:00   0:00:01
   Ended : Wednesday, 1 July 2026 08:45:57

